  ComProject.cpp
C:\Users\elmag\OneDrive\Desktop\Project\ComProject\ComProject\ComProject.cpp(106,12): warning C4996: 'fopen': This function or variable may be unsafe. Consider using fopen_s instead. To disable deprecation, use _CRT_SECURE_NO_WARNINGS. See online help for details.
C:\Users\elmag\OneDrive\Desktop\Project\ComProject\ComProject\ComProject.cpp(144,2): warning C4996: 'strcpy': This function or variable may be unsafe. Consider using strcpy_s instead. To disable deprecation, use _CRT_SECURE_NO_WARNINGS. See online help for details.
C:\Users\elmag\OneDrive\Desktop\Project\ComProject\ComProject\ComProject.cpp(242,24): warning C4018: '<': signed/unsigned mismatch
C:\Users\elmag\OneDrive\Desktop\Project\ComProject\ComProject\ComProject.cpp(336,22): warning C4018: '<': signed/unsigned mismatch
C:\Users\elmag\OneDrive\Desktop\Project\ComProject\ComProject\ComProject.cpp(496,22): warning C4018: '<': signed/unsigned mismatch
C:\Users\elmag\OneDrive\Desktop\Project\ComProject\ComProject\ComProject.cpp(624,37): warning C4244: '+=': conversion from 'double' to 'int', possible loss of data
C:\Users\elmag\OneDrive\Desktop\Project\ComProject\ComProject\ComProject.cpp(671,22): warning C4018: '<': signed/unsigned mismatch
C:\Users\elmag\OneDrive\Desktop\Project\ComProject\ComProject\ComProject.cpp(747,23): warning C4018: '<': signed/unsigned mismatch
C:\Users\elmag\OneDrive\Desktop\Project\ComProject\ComProject\ComProject.cpp(483,12): warning C4996: 'getche': The POSIX name for this item is deprecated. Instead, use the ISO C and C++ conformant name: _getche. See online help for details.
C:\Users\elmag\OneDrive\Desktop\Project\ComProject\ComProject\ComProject.cpp(516,8): warning C4996: 'fopen': This function or variable may be unsafe. Consider using fopen_s instead. To disable deprecation, use _CRT_SECURE_NO_WARNINGS. See online help for details.
C:\Users\elmag\OneDrive\Desktop\Project\ComProject\ComProject\ComProject.cpp(519,12): warning C4996: 'fscanf': This function or variable may be unsafe. Consider using fscanf_s instead. To disable deprecation, use _CRT_SECURE_NO_WARNINGS. See online help for details.
C:\Users\elmag\OneDrive\Desktop\Project\ComProject\ComProject\ComProject.cpp(552,4): warning C4996: 'strcpy': This function or variable may be unsafe. Consider using strcpy_s instead. To disable deprecation, use _CRT_SECURE_NO_WARNINGS. See online help for details.
C:\Users\elmag\OneDrive\Desktop\Project\ComProject\ComProject\ComProject.cpp(561,4): warning C4996: 'strcpy': This function or variable may be unsafe. Consider using strcpy_s instead. To disable deprecation, use _CRT_SECURE_NO_WARNINGS. See online help for details.
C:\Users\elmag\OneDrive\Desktop\Project\ComProject\ComProject\ComProject.cpp(572,12): warning C4996: 'fopen': This function or variable may be unsafe. Consider using fopen_s instead. To disable deprecation, use _CRT_SECURE_NO_WARNINGS. See online help for details.
C:\Users\elmag\OneDrive\Desktop\Project\ComProject\ComProject\ComProject.cpp(586,8): warning C4996: 'fopen': This function or variable may be unsafe. Consider using fopen_s instead. To disable deprecation, use _CRT_SECURE_NO_WARNINGS. See online help for details.
C:\Users\elmag\OneDrive\Desktop\Project\ComProject\ComProject\ComProject.cpp(589,12): warning C4996: 'fscanf': This function or variable may be unsafe. Consider using fscanf_s instead. To disable deprecation, use _CRT_SECURE_NO_WARNINGS. See online help for details.
C:\Users\elmag\OneDrive\Desktop\Project\ComProject\ComProject\ComProject.cpp(609,8): warning C4996: 'fopen': This function or variable may be unsafe. Consider using fopen_s instead. To disable deprecation, use _CRT_SECURE_NO_WARNINGS. See online help for details.
C:\Users\elmag\OneDrive\Desktop\Project\ComProject\ComProject\ComProject.cpp(691,4): warning C4996: 'strcpy': This function or variable may be unsafe. Consider using strcpy_s instead. To disable deprecation, use _CRT_SECURE_NO_WARNINGS. See online help for details.
C:\Users\elmag\OneDrive\Desktop\Project\ComProject\ComProject\ComProject.cpp(702,8): warning C4996: 'fopen': This function or variable may be unsafe. Consider using fopen_s instead. To disable deprecation, use _CRT_SECURE_NO_WARNINGS. See online help for details.
C:\Users\elmag\OneDrive\Desktop\Project\ComProject\ComProject\ComProject.cpp(708,5): warning C4996: 'fscanf': This function or variable may be unsafe. Consider using fscanf_s instead. To disable deprecation, use _CRT_SECURE_NO_WARNINGS. See online help for details.
C:\Users\elmag\OneDrive\Desktop\Project\ComProject\ComProject\ComProject.cpp(710,5): warning C4996: 'fscanf': This function or variable may be unsafe. Consider using fscanf_s instead. To disable deprecation, use _CRT_SECURE_NO_WARNINGS. See online help for details.
C:\Users\elmag\OneDrive\Desktop\Project\ComProject\ComProject\ComProject.cpp(713,12): warning C4996: 'fscanf': This function or variable may be unsafe. Consider using fscanf_s instead. To disable deprecation, use _CRT_SECURE_NO_WARNINGS. See online help for details.
C:\Users\elmag\OneDrive\Desktop\Project\ComProject\ComProject\ComProject.cpp(742,12): warning C4996: 'fopen': This function or variable may be unsafe. Consider using fopen_s instead. To disable deprecation, use _CRT_SECURE_NO_WARNINGS. See online help for details.
C:\Users\elmag\OneDrive\Desktop\Project\ComProject\ComProject\ComProject.cpp(754,13): warning C4996: 'fopen': This function or variable may be unsafe. Consider using fopen_s instead. To disable deprecation, use _CRT_SECURE_NO_WARNINGS. See online help for details.
C:\Users\elmag\OneDrive\Desktop\Project\ComProject\ComProject\ComProject.cpp(760,11): warning C4996: 'fscanf': This function or variable may be unsafe. Consider using fscanf_s instead. To disable deprecation, use _CRT_SECURE_NO_WARNINGS. See online help for details.
C:\Users\elmag\OneDrive\Desktop\Project\ComProject\ComProject\ComProject.cpp(763,5): warning C4996: 'fscanf': This function or variable may be unsafe. Consider using fscanf_s instead. To disable deprecation, use _CRT_SECURE_NO_WARNINGS. See online help for details.
C:\Users\elmag\OneDrive\Desktop\Project\ComProject\ComProject\ComProject.cpp(764,5): warning C4996: 'fscanf': This function or variable may be unsafe. Consider using fscanf_s instead. To disable deprecation, use _CRT_SECURE_NO_WARNINGS. See online help for details.
C:\Users\elmag\OneDrive\Desktop\Project\ComProject\ComProject\ComProject.cpp(772,4): warning C4996: 'strcpy': This function or variable may be unsafe. Consider using strcpy_s instead. To disable deprecation, use _CRT_SECURE_NO_WARNINGS. See online help for details.
C:\Users\elmag\OneDrive\Desktop\Project\ComProject\ComProject\ComProject.cpp(782,8): warning C4996: 'fopen': This function or variable may be unsafe. Consider using fopen_s instead. To disable deprecation, use _CRT_SECURE_NO_WARNINGS. See online help for details.
C:\Users\elmag\OneDrive\Desktop\Project\ComProject\ComProject\ComProject.cpp(786,5): warning C4996: 'strcpy': This function or variable may be unsafe. Consider using strcpy_s instead. To disable deprecation, use _CRT_SECURE_NO_WARNINGS. See online help for details.
C:\Users\elmag\OneDrive\Desktop\Project\ComProject\ComProject\ComProject.cpp(793,6): warning C4996: 'strcat': This function or variable may be unsafe. Consider using strcat_s instead. To disable deprecation, use _CRT_SECURE_NO_WARNINGS. See online help for details.
C:\Users\elmag\OneDrive\Desktop\Project\ComProject\ComProject\ComProject.cpp(798,7): warning C4996: 'strcat': This function or variable may be unsafe. Consider using strcat_s instead. To disable deprecation, use _CRT_SECURE_NO_WARNINGS. See online help for details.
C:\Users\elmag\OneDrive\Desktop\Project\ComProject\ComProject\ComProject.cpp(801,6): warning C4996: 'strcpy': This function or variable may be unsafe. Consider using strcpy_s instead. To disable deprecation, use _CRT_SECURE_NO_WARNINGS. See online help for details.
C:\Users\elmag\OneDrive\Desktop\Project\ComProject\ComProject\ComProject.cpp(470,7): warning C4101: 'decompressed': unreferenced local variable
C:\Users\elmag\OneDrive\Desktop\Project\ComProject\ComProject\ComProject.cpp(705,9): warning C4101: 'd': unreferenced local variable
  ComProject.vcxproj -> C:\Users\elmag\OneDrive\Desktop\Project\ComProject\Debug\ComProject.exe
